<!DOCTYPE html PUBLIC "-//W3C//DTD XHTML 1.1//EN" "http://www.w3.org/TR/xhtml11/DTD/xhtml11.dtd">
<html xmlns="http://www.w3.org/1999/xhtml"><head><title>TestNG Report</title><style type="text/css">table {margin-bottom:10px;border-collapse:collapse;empty-cells:show}th,td {border:1px solid #009;padding:.25em .5em}th {vertical-align:bottom}td {vertical-align:top}table a {font-weight:bold}.stripe td {background-color: #E6EBF9}.num {text-align:right}.passedodd td {background-color: #3F3}.passedeven td {background-color: #0A0}.skippedodd td {background-color: #DDD}.skippedeven td {background-color: #CCC}.failedodd td,.attn {background-color: #F33}.failedeven td,.stripe .attn {background-color: #D00}.stacktrace {white-space:pre;font-family:monospace}.totop {font-size:85%;text-align:center;border-bottom:2px solid #000}</style></head><body><table><tr><th>Test</th><th># Passed</th><th># Skipped</th><th># Failed</th><th>Time (ms)</th><th>Included Groups</th><th>Excluded Groups</th></tr><tr><th colspan="7">Suite</th></tr><tr><td><a href="#t0">TestFireFox2</a></td><td class="num">1</td><td class="num">0</td><td class="num">0</td><td class="num">151,165</td><td></td><td></td></tr><tr class="stripe"><td><a href="#t1">TestChrome3</a></td><td class="num">1</td><td class="num">0</td><td class="num">0</td><td class="num">172,218</td><td></td><td></td></tr><tr><td><a href="#t2">TestFireFox3</a></td><td class="num">1</td><td class="num">0</td><td class="num">0</td><td class="num">195,464</td><td></td><td></td></tr><tr class="stripe"><td><a href="#t3">TestChrome4</a></td><td class="num">0</td><td class="num">0</td><td class="num attn">1</td><td class="num">209,345</td><td></td><td></td></tr><tr><td><a href="#t4">TestSafari</a></td><td class="num">1</td><td class="num">0</td><td class="num">0</td><td class="num">237,192</td><td></td><td></td></tr><tr class="stripe"><td><a href="#t5">TestSafari2</a></td><td class="num">0</td><td class="num attn">1</td><td class="num">0</td><td class="num">301,977</td><td></td><td></td></tr><tr><td><a href="#t6">TestChrome</a></td><td class="num">1</td><td class="num">0</td><td class="num">0</td><td class="num">326,910</td><td></td><td></td></tr><tr class="stripe"><td><a href="#t7">TestFireFox4</a></td><td class="num">1</td><td class="num">0</td><td class="num">0</td><td class="num">358,363</td><td></td><td></td></tr><tr><td><a href="#t8">TestChrome2</a></td><td class="num">1</td><td class="num">0</td><td class="num">0</td><td class="num">359,209</td><td></td><td></td></tr><tr class="stripe"><td><a href="#t9">TestFireFox</a></td><td class="num">0</td><td class="num attn">1</td><td class="num">0</td><td class="num">365,580</td><td></td><td></td></tr><tr><td><a href="#t10">TestSafari4</a></td><td class="num">1</td><td class="num">0</td><td class="num">0</td><td class="num">252,037</td><td></td><td></td></tr><tr class="stripe"><td><a href="#t11">TestSafari3</a></td><td class="num">1</td><td class="num">0</td><td class="num">0</td><td class="num">417,390</td><td></td><td></td></tr><tr><th>Total</th><th class="num">9</th><th class="num attn">2</th><th class="num attn">1</th><th class="num">3,346,850</th><th colspan="2"></th></tr></table><table><thead><tr><th>Class</th><th>Method</th><th>Start</th><th>Time (ms)</th></tr></thead><tbody><tr><th colspan="4">Suite</th></tr></tbody><tbody id="t0"><tr><th colspan="4">TestFireFox2 &#8212; passed</th></tr><tr class="passedeven"><td rowspan="1">mavenTest.browsers</td><td><a href="#m0">testExperitest</a></td><td rowspan="1">1548231896400</td><td rowspan="1">126345</td></tr></tbody><tbody id="t1"><tr><th colspan="4">TestChrome3 &#8212; passed</th></tr><tr class="passedeven"><td rowspan="1">mavenTest.browsers</td><td><a href="#m1">testExperitest</a></td><td rowspan="1">1548231880511</td><td rowspan="1">161084</td></tr></tbody><tbody id="t2"><tr><th colspan="4">TestFireFox3 &#8212; passed</th></tr><tr class="passedeven"><td rowspan="1">mavenTest.browsers</td><td><a href="#m2">testExperitest</a></td><td rowspan="1">1548231896329</td><td rowspan="1">167125</td></tr></tbody><tbody id="t3"><tr><th colspan="4">TestChrome4 &#8212; failed</th></tr><tr class="failedeven"><td rowspan="1">mavenTest.browsers</td><td><a href="#m3">testExperitest</a></td><td rowspan="1">1548232014179</td><td rowspan="1">68036</td></tr></tbody><tbody id="t4"><tr><th colspan="4">TestSafari &#8212; passed</th></tr><tr class="passedeven"><td rowspan="1">mavenTest.browsers</td><td><a href="#m4">testExperitest</a></td><td rowspan="1">1548231915735</td><td rowspan="1">194245</td></tr></tbody><tbody id="t5"><tr><th colspan="4">TestSafari2 &#8212; failed (configuration methods)</th></tr><tr class="failedeven"><td rowspan="1">mavenTest.browsers</td><td><a href="#m5">setUp</a></td><td rowspan="1">1548231873272</td><td rowspan="1">0</td></tr><tr><th colspan="4">TestSafari2 &#8212; skipped (configuration methods)</th></tr><tr class="skippedeven"><td rowspan="1">mavenTest.browsers</td><td><a href="#m6">tearDown</a></td><td rowspan="1">1548232175217</td><td rowspan="1">0</td></tr><tr><th colspan="4">TestSafari2 &#8212; skipped</th></tr><tr class="skippedeven"><td rowspan="1">mavenTest.browsers</td><td><a href="#m7">testExperitest</a></td><td rowspan="1">1548232175214</td><td rowspan="1">1</td></tr></tbody><tbody id="t6"><tr><th colspan="4">TestChrome &#8212; passed</th></tr><tr class="passedeven"><td rowspan="1">mavenTest.browsers</td><td><a href="#m8">testExperitest</a></td><td rowspan="1">1548231960746</td><td rowspan="1">238961</td></tr></tbody><tbody id="t7"><tr><th colspan="4">TestFireFox4 &#8212; passed</th></tr><tr class="passedeven"><td rowspan="1">mavenTest.browsers</td><td><a href="#m9">testExperitest</a></td><td rowspan="1">1548232039690</td><td rowspan="1">159806</td></tr></tbody><tbody id="t8"><tr><th colspan="4">TestChrome2 &#8212; passed</th></tr><tr class="passedeven"><td rowspan="1">mavenTest.browsers</td><td><a href="#m10">testExperitest</a></td><td rowspan="1">1548231886599</td><td rowspan="1">345006</td></tr></tbody><tbody id="t9"><tr><th colspan="4">TestFireFox &#8212; failed (configuration methods)</th></tr><tr class="failedeven"><td rowspan="1">mavenTest.browsers</td><td><a href="#m11">setUp</a></td><td rowspan="1">1548231873269</td><td rowspan="1">0</td></tr><tr><th colspan="4">TestFireFox &#8212; skipped (configuration methods)</th></tr><tr class="skippedeven"><td rowspan="1">mavenTest.browsers</td><td><a href="#m12">tearDown</a></td><td rowspan="1">1548232238819</td><td rowspan="1">0</td></tr><tr><th colspan="4">TestFireFox &#8212; skipped</th></tr><tr class="skippedeven"><td rowspan="1">mavenTest.browsers</td><td><a href="#m13">testExperitest</a></td><td rowspan="1">1548232238818</td><td rowspan="1">0</td></tr></tbody><tbody id="t10"><tr><th colspan="4">TestSafari4 &#8212; passed</th></tr><tr class="passedeven"><td rowspan="1">mavenTest.browsers</td><td><a href="#m14">testExperitest</a></td><td rowspan="1">1548232175312</td><td rowspan="1">122107</td></tr></tbody><tbody id="t11"><tr><th colspan="4">TestSafari3 &#8212; passed</th></tr><tr class="passedeven"><td rowspan="1">mavenTest.browsers</td><td><a href="#m15">testExperitest</a></td><td rowspan="1">1548232326853</td><td rowspan="1">114903</td></tr></tbody></table><h2>TestFireFox2</h2><h3 id="m0">mavenTest.browsers#testExperitest</h3><table class="result"></table><p class="totop"><a href="#summary">back to summary</a></p><h2>TestChrome3</h2><h3 id="m1">mavenTest.browsers#testExperitest</h3><table class="result"></table><p class="totop"><a href="#summary">back to summary</a></p><h2>TestFireFox3</h2><h3 id="m2">mavenTest.browsers#testExperitest</h3><table class="result"></table><p class="totop"><a href="#summary">back to summary</a></p><h2>TestChrome4</h2><h3 id="m3">mavenTest.browsers#testExperitest</h3><table class="result"><tr><th>Exception</th></tr><tr><td><div class="stacktrace">org.openqa.selenium.TimeoutException: Expected condition failed: waiting for presence of element located by: By.name: q (tried for 10 second(s) with 500 milliseconds interval)
	at org.openqa.selenium.support.ui.WebDriverWait.timeoutException(WebDriverWait.java:95)
	at org.openqa.selenium.support.ui.FluentWait.until(FluentWait.java:272)
	at mavenTest.browsers.testExperitest(browsers.java:44)
	at java.util.concurrent.FutureTask.run(FutureTask.java:266)
	at java.util.concurrent.ThreadPoolExecutor.runWorker(ThreadPoolExecutor.java:1142)
	at java.util.concurrent.ThreadPoolExecutor$Worker.run(ThreadPoolExecutor.java:617)
	at java.lang.Thread.run(Thread.java:748)
Caused by: org.openqa.selenium.NoSuchElementException: no such element: Unable to locate element: {&quot;method&quot;:&quot;name&quot;,&quot;selector&quot;:&quot;q&quot;}
  (Session info: chrome=71.0.3578.0)
  (Driver info: chromedriver=2.45.615355 (d5698f682d8b2742017df6c81e0bd8e6a3063189),platform=Mac OS X 10.13.6 x86_64) (WARNING: The server did not provide any stacktrace information)
Command duration or timeout: 0 milliseconds
For documentation on this error, please visit: https://www.seleniumhq.org/exceptions/no_such_element.html
Build info: version: &apos;3.141.59&apos;, revision: &apos;e82be7d358&apos;, time: &apos;2018-11-14T08:17:03&apos;
System info: host: &apos;EYALKOPEL-LT&apos;, ip: &apos;192.168.2.125&apos;, os.name: &apos;Windows 10&apos;, os.arch: &apos;amd64&apos;, os.version: &apos;10.0&apos;, java.version: &apos;1.8.0_131&apos;
Driver info: org.openqa.selenium.remote.RemoteWebDriver
Capabilities {acceptInsecureCerts: false, acceptSslCerts: false, applicationCacheEnabled: false, browserConnectionEnabled: false, browserName: chrome, chrome: {chromedriverVersion: 2.45.615355 (d5698f682d8b27..., userDataDir: /var/folders/yk/mdlr7xzj1s5...}, cssSelectorsEnabled: true, databaseEnabled: false, goog:chromeOptions: {debuggerAddress: localhost:59009}, handlesAlerts: true, hasTouchScreen: false, javascriptEnabled: true, locationContextEnabled: true, mobileEmulationEnabled: false, nativeEvents: true, networkConnectionEnabled: false, pageLoadStrategy: normal, platform: MAC, platformName: MAC, proxy: Proxy(), reportUrl: https://sales.experitest.co..., rotatable: false, sessionId: 44b375d50664619e3f0effc6da3..., setWindowRect: true, strictFileInteractability: false, takesHeapSnapshot: true, takesScreenshot: true, timeouts: {implicit: 0, pageLoad: 300000, script: 30000}, unexpectedAlertBehaviour: ignore, unhandledPromptBehavior: ignore, version: 71.0.3578.0, webStorageEnabled: true}
Session ID: 44b375d50664619e3f0effc6da3cca24
*** Element info: {Using=name, value=q}
	at org.openqa.selenium.remote.ErrorHandler.createThrowable(ErrorHandler.java:214)
	at org.openqa.selenium.remote.ErrorHandler.throwIfResponseFailed(ErrorHandler.java:166)
	at org.openqa.selenium.remote.http.JsonHttpResponseCodec.reconstructValue(JsonHttpResponseCodec.java:40)
	at org.openqa.selenium.remote.http.AbstractHttpResponseCodec.decode(AbstractHttpResponseCodec.java:80)
	at org.openqa.selenium.remote.http.AbstractHttpResponseCodec.decode(AbstractHttpResponseCodec.java:44)
	at org.openqa.selenium.remote.HttpCommandExecutor.execute(HttpCommandExecutor.java:158)
	at org.openqa.selenium.remote.RemoteWebDriver.execute(RemoteWebDriver.java:552)
	at org.openqa.selenium.remote.RemoteWebDriver.findElement(RemoteWebDriver.java:323)
	at org.openqa.selenium.remote.RemoteWebDriver.findElementByName(RemoteWebDriver.java:404)
	at org.openqa.selenium.By$ByName.findElement(By.java:284)
	at org.openqa.selenium.remote.RemoteWebDriver.findElement(RemoteWebDriver.java:315)
	at org.openqa.selenium.support.ui.ExpectedConditions$6.apply(ExpectedConditions.java:182)
	at org.openqa.selenium.support.ui.ExpectedConditions$6.apply(ExpectedConditions.java:179)
	at org.openqa.selenium.support.ui.FluentWait.until(FluentWait.java:249)
	... 21 more
... Removed 20 stack frames</div></td></tr></table><p class="totop"><a href="#summary">back to summary</a></p><h2>TestSafari</h2><h3 id="m4">mavenTest.browsers#testExperitest</h3><table class="result"></table><p class="totop"><a href="#summary">back to summary</a></p><h2>TestSafari2</h2><h3 id="m5">mavenTest.browsers#setUp</h3><table class="result"><tr class="param"><th>Parameter #1</th></tr><tr class="param stripe"><td>safari</td></tr><tr><th>Exception</th></tr><tr><td><div class="stacktrace">org.openqa.selenium.WebDriverException: Unable to parse remote response: Could not start selenium grid test. Test request timed out. No browser found matching the desired capabilities {browserName=safari, testName=safari selenium test}
	at org.openqa.selenium.remote.ProtocolHandshake.createSession(ProtocolHandshake.java:115)
	at org.openqa.selenium.remote.ProtocolHandshake.createSession(ProtocolHandshake.java:74)
	at org.openqa.selenium.remote.HttpCommandExecutor.execute(HttpCommandExecutor.java:136)
	at org.openqa.selenium.remote.RemoteWebDriver.execute(RemoteWebDriver.java:552)
	at org.openqa.selenium.remote.RemoteWebDriver.startSession(RemoteWebDriver.java:213)
	at org.openqa.selenium.remote.RemoteWebDriver.&lt;init&gt;(RemoteWebDriver.java:131)
	at org.openqa.selenium.remote.RemoteWebDriver.&lt;init&gt;(RemoteWebDriver.java:144)
	at mavenTest.browsers.setUp(browsers.java:36)
	at java.util.concurrent.FutureTask.run(FutureTask.java:266)
	at java.util.concurrent.ThreadPoolExecutor.runWorker(ThreadPoolExecutor.java:1142)
	at java.util.concurrent.ThreadPoolExecutor$Worker.run(ThreadPoolExecutor.java:617)
	at java.lang.Thread.run(Thread.java:748)
Caused by: org.openqa.selenium.json.JsonException: Unable to determine type from: C. Last 1 characters read: C
Build info: version: &apos;3.141.59&apos;, revision: &apos;e82be7d358&apos;, time: &apos;2018-11-14T08:17:03&apos;
System info: host: &apos;EYALKOPEL-LT&apos;, ip: &apos;192.168.2.125&apos;, os.name: &apos;Windows 10&apos;, os.arch: &apos;amd64&apos;, os.version: &apos;10.0&apos;, java.version: &apos;1.8.0_131&apos;
Driver info: driver.version: RemoteWebDriver
	at org.openqa.selenium.json.JsonInput.peek(JsonInput.java:122)
	at org.openqa.selenium.json.JsonTypeCoercer.lambda$null$6(JsonTypeCoercer.java:140)
	at org.openqa.selenium.json.JsonTypeCoercer.coerce(JsonTypeCoercer.java:126)
	at org.openqa.selenium.json.Json.toType(Json.java:69)
	at org.openqa.selenium.json.Json.toType(Json.java:55)
	at org.openqa.selenium.json.Json.toType(Json.java:50)
	at org.openqa.selenium.remote.ProtocolHandshake.createSession(ProtocolHandshake.java:112)
	... 29 more
... Removed 18 stack frames</div></td></tr></table><p class="totop"><a href="#summary">back to summary</a></p><h3 id="m6">mavenTest.browsers#tearDown</h3><table class="result"></table><p class="totop"><a href="#summary">back to summary</a></p><h3 id="m7">mavenTest.browsers#testExperitest</h3><table class="result"></table><p class="totop"><a href="#summary">back to summary</a></p><h2>TestChrome</h2><h3 id="m8">mavenTest.browsers#testExperitest</h3><table class="result"></table><p class="totop"><a href="#summary">back to summary</a></p><h2>TestFireFox4</h2><h3 id="m9">mavenTest.browsers#testExperitest</h3><table class="result"></table><p class="totop"><a href="#summary">back to summary</a></p><h2>TestChrome2</h2><h3 id="m10">mavenTest.browsers#testExperitest</h3><table class="result"></table><p class="totop"><a href="#summary">back to summary</a></p><h2>TestFireFox</h2><h3 id="m11">mavenTest.browsers#setUp</h3><table class="result"><tr class="param"><th>Parameter #1</th></tr><tr class="param stripe"><td>firefox</td></tr><tr><th>Exception</th></tr><tr><td><div class="stacktrace">org.openqa.selenium.WebDriverException: Unable to parse remote response: Could not start selenium grid test. Test request timed out. No browser found matching the desired capabilities {browserName=firefox, testName=firefox selenium test}
	at org.openqa.selenium.remote.ProtocolHandshake.createSession(ProtocolHandshake.java:115)
	at org.openqa.selenium.remote.ProtocolHandshake.createSession(ProtocolHandshake.java:74)
	at org.openqa.selenium.remote.HttpCommandExecutor.execute(HttpCommandExecutor.java:136)
	at org.openqa.selenium.remote.RemoteWebDriver.execute(RemoteWebDriver.java:552)
	at org.openqa.selenium.remote.RemoteWebDriver.startSession(RemoteWebDriver.java:213)
	at org.openqa.selenium.remote.RemoteWebDriver.&lt;init&gt;(RemoteWebDriver.java:131)
	at org.openqa.selenium.remote.RemoteWebDriver.&lt;init&gt;(RemoteWebDriver.java:144)
	at mavenTest.browsers.setUp(browsers.java:36)
	at java.util.concurrent.FutureTask.run(FutureTask.java:266)
	at java.util.concurrent.ThreadPoolExecutor.runWorker(ThreadPoolExecutor.java:1142)
	at java.util.concurrent.ThreadPoolExecutor$Worker.run(ThreadPoolExecutor.java:617)
	at java.lang.Thread.run(Thread.java:748)
Caused by: org.openqa.selenium.json.JsonException: Unable to determine type from: C. Last 1 characters read: C
Build info: version: &apos;3.141.59&apos;, revision: &apos;e82be7d358&apos;, time: &apos;2018-11-14T08:17:03&apos;
System info: host: &apos;EYALKOPEL-LT&apos;, ip: &apos;192.168.2.125&apos;, os.name: &apos;Windows 10&apos;, os.arch: &apos;amd64&apos;, os.version: &apos;10.0&apos;, java.version: &apos;1.8.0_131&apos;
Driver info: driver.version: RemoteWebDriver
	at org.openqa.selenium.json.JsonInput.peek(JsonInput.java:122)
	at org.openqa.selenium.json.JsonTypeCoercer.lambda$null$6(JsonTypeCoercer.java:140)
	at org.openqa.selenium.json.JsonTypeCoercer.coerce(JsonTypeCoercer.java:126)
	at org.openqa.selenium.json.Json.toType(Json.java:69)
	at org.openqa.selenium.json.Json.toType(Json.java:55)
	at org.openqa.selenium.json.Json.toType(Json.java:50)
	at org.openqa.selenium.remote.ProtocolHandshake.createSession(ProtocolHandshake.java:112)
	... 29 more
... Removed 18 stack frames</div></td></tr></table><p class="totop"><a href="#summary">back to summary</a></p><h3 id="m12">mavenTest.browsers#tearDown</h3><table class="result"></table><p class="totop"><a href="#summary">back to summary</a></p><h3 id="m13">mavenTest.browsers#testExperitest</h3><table class="result"></table><p class="totop"><a href="#summary">back to summary</a></p><h2>TestSafari4</h2><h3 id="m14">mavenTest.browsers#testExperitest</h3><table class="result"></table><p class="totop"><a href="#summary">back to summary</a></p><h2>TestSafari3</h2><h3 id="m15">mavenTest.browsers#testExperitest</h3><table class="result"></table><p class="totop"><a href="#summary">back to summary</a></p></body></html>